<?xml version="1.0" encoding="UTF-8"?>
<!-- Generated by org.testng.reporters.JUnitReportReporter -->
<testsuite hostname="ZAHID" failures="0" tests="3" name="ShopperLogin.Login6Test" time="28.539" errors="0" timestamp="2023-10-02T10:34:31 IST" skipped="0">
  <testcase classname="ShopperLogin.Login6Test" name="TC_Login_003" time="16.060"/>
  <testcase classname="ShopperLogin.Login6Test" name="TC_Login_005" time="6.180"/>
  <testcase classname="ShopperLogin.Login6Test" name="TC_Login_004" time="6.299"/>
</testsuite> <!-- ShopperLogin.Login6Test -->
