<?xml version="1.0" encoding="UTF-8"?>
<!-- Generated by org.testng.reporters.JUnitReportReporter -->
<testsuite hostname="ZAHID" failures="0" tests="3" name="ShopperLogin.Test4" time="25.935" errors="0" timestamp="2023-09-22T12:20:08 IST" skipped="0">
  <testcase classname="ShopperLogin.Test4" name="TC_Login_002" time="12.989"/>
  <testcase classname="ShopperLogin.Test4" name="TC_Login_003" time="6.638"/>
  <testcase classname="ShopperLogin.Test4" name="TC_Login_001" time="6.308"/>
</testsuite> <!-- ShopperLogin.Test4 -->
